<?xml version="1.0" encoding="utf-8"?><testsuites name="pytest tests"><testsuite name="pytest" errors="0" failures="0" skipped="0" tests="7" time="16.504" timestamp="2026-07-08T12:26:29.418066+00:00" hostname="agent-env-5f6a7a19-c20d-4980-86f8-566f2618fd11"><testcase classname="tests.backend_test" name="test_health" time="0.057" /><testcase classname="tests.backend_test" name="test_upload_and_serve" time="0.033" /><testcase classname="tests.backend_test" name="test_upload_invalid_type" time="0.002" /><testcase classname="tests.backend_test" name="test_render_missing_couple_returns_4xx" time="0.002" /><testcase classname="tests.backend_test" name="test_render_marigold" time="7.445" /><testcase classname="tests.backend_test" name="test_render_midnight" time="8.491" /><testcase classname="tests.backend_test" name="test_list_renders" time="0.002" /></testsuite></testsuites>