<?xml version="1.0" encoding="utf-8"?><testsuites name="pytest tests"><testsuite name="pytest" errors="0" failures="0" skipped="0" tests="12" time="20.092" timestamp="2026-07-08T13:10:56.509695+00:00" hostname="agent-env-5f6a7a19-c20d-4980-86f8-566f2618fd11"><testcase classname="tests.backend_test" name="test_health" time="0.264" /><testcase classname="tests.backend_test" name="test_list_music" time="0.105" /><testcase classname="tests.backend_test" name="test_get_music_streams_audio" time="0.156" /><testcase classname="tests.backend_test" name="test_get_music_all_three" time="0.504" /><testcase classname="tests.backend_test" name="test_get_music_not_found" time="0.108" /><testcase classname="tests.backend_test" name="test_render_missing_couple_returns_4xx" time="0.112" /><testcase classname="tests.backend_test" name="test_render_unknown_music_id_400" time="0.102" /><testcase classname="tests.backend_test" name="test_get_render_nonexistent_404" time="0.111" /><testcase classname="tests.backend_test" name="test_create_render_is_async_and_returns_job_id" time="0.254" /><testcase classname="tests.backend_test" name="test_status_transitions_and_progress" time="17.785" /><testcase classname="tests.backend_test" name="test_get_video_returns_mp4" time="0.151" /><testcase classname="tests.backend_test" name="test_list_renders_includes_completed" time="0.101" /></testsuite></testsuites>